<?xml version="1.0" encoding="UTF-8"?>
<testng-results skipped="0" failed="0" ignored="0" total="1" passed="1">
  <reporter-output>
  </reporter-output>
  <suite name="Suite" duration-ms="17391" started-at="2020-08-28T03:45:09Z" finished-at="2020-08-28T03:45:26Z">
    <groups>
    </groups>
    <test name="Test" duration-ms="17391" started-at="2020-08-28T03:45:09Z" finished-at="2020-08-28T03:45:26Z">
      <class name="Practice.Appium.APIDemo">
        <test-method status="PASS" signature="Firstflow()[pri:0, instance:Practice.Appium.APIDemo@548a9f61]" name="Firstflow" duration-ms="17370" started-at="2020-08-28T03:45:09Z" finished-at="2020-08-28T03:45:26Z">
          <reporter-output>
          </reporter-output>
        </test-method> <!-- Firstflow -->
      </class> <!-- Practice.Appium.APIDemo -->
    </test> <!-- Test -->
  </suite> <!-- Suite -->
</testng-results>
