<?xml version="1.0" encoding="UTF-8"?>
<testng-results skipped="0" failed="0" ignored="0" total="1" passed="1">
  <reporter-output>
  </reporter-output>
  <suite name="Suite" duration-ms="19177" started-at="2020-08-27T10:33:35Z" finished-at="2020-08-27T10:33:54Z">
    <groups>
    </groups>
    <test name="Test" duration-ms="19177" started-at="2020-08-27T10:33:35Z" finished-at="2020-08-27T10:33:54Z">
      <class name="Practice.Appium.APIDemo">
        <test-method status="PASS" signature="Firstflow()[pri:0, instance:Practice.Appium.APIDemo@2b9627bc]" name="Firstflow" duration-ms="19157" started-at="2020-08-27T10:33:35Z" finished-at="2020-08-27T10:33:54Z">
          <reporter-output>
          </reporter-output>
        </test-method> <!-- Firstflow -->
      </class> <!-- Practice.Appium.APIDemo -->
    </test> <!-- Test -->
  </suite> <!-- Suite -->
</testng-results>
